<?xml version="1.0" encoding="UTF-8"?>
<!-- Generated by org.testng.reporters.JUnitReportReporter -->
<testsuite skipped="0" hostname="LAPTOP-8519OTQL" name="A2_BingTest.a1_BingTest" tests="1" failures="0" timestamp="31 Jan 2023 19:11:46 GMT" time="10.311" errors="0">
  <testcase name="VerifyGooglePage" time="10.311" classname="A2_BingTest.a1_BingTest"/>
</testsuite> <!-- A2_BingTest.a1_BingTest -->
