<?xml version="1.0" encoding="UTF-8"?>
<!-- Generated by org.testng.reporters.JUnitReportReporter -->
<testsuite skipped="0" hostname="LAPTOP-8519OTQL" name="A2_BingTest.a1_BingTest" tests="1" failures="0" timestamp="2023-02-01T20:47:29 IST" time="26.480" errors="0">
  <testcase name="VerifyGooglePage" time="26.480" classname="A2_BingTest.a1_BingTest"/>
  <system-out/>
</testsuite> <!-- A2_BingTest.a1_BingTest -->
