<?xml version="1.0" encoding="UTF-8"?>
<!-- Generated by org.testng.reporters.JUnitReportReporter -->
<testsuite skipped="0" hostname="LAPTOP-8519OTQL" name="A1_GoogleTest.a1_GoogleTest" tests="1" failures="0" timestamp="31 Jan 2023 19:11:46 GMT" time="12.057" errors="0">
  <testcase name="VerifyGooglePage" time="12.057" classname="A1_GoogleTest.a1_GoogleTest"/>
</testsuite> <!-- A1_GoogleTest.a1_GoogleTest -->
