<?xml version="1.0" encoding="UTF-8"?>
<!-- Generated by org.testng.reporters.JUnitReportReporter -->
<testsuite name="A1_GoogleTest.a1_GoogleTest" tests="1" time="15.715" ignored="0" failures="0" timestamp="01 Feb 2023 15:56:54 GMT" skipped="0" hostname="LAPTOP-8519OTQL" errors="0">
  <testcase name="VerifyGooglePage" time="15.715" classname="A1_GoogleTest.a1_GoogleTest"/>
</testsuite> <!-- A1_GoogleTest.a1_GoogleTest -->
