<?xml version="1.0" encoding="UTF-8"?>
<!-- Generated by org.testng.reporters.JUnitReportReporter -->
<testsuite name="A2_BingTest.a1_BingTest" tests="1" time="10.376" ignored="0" failures="0" timestamp="01 Feb 2023 15:56:54 GMT" skipped="0" hostname="LAPTOP-8519OTQL" errors="0">
  <testcase name="VerifyGooglePage" time="10.376" classname="A2_BingTest.a1_BingTest"/>
</testsuite> <!-- A2_BingTest.a1_BingTest -->
